2025-08-07 09:41:10:4110 [error]: Right-hand side of 'instanceof' is not an object {
  "stack": "TypeError: Right-hand side of 'instanceof' is not an object\n    at C:\\Users\\GE\\Documents\\P\\Personal\\slv-barley-shop\\.next\\server\\chunks\\[root-of-the-server]__6841552e._.js:1163:24\n    at process.processTicksAndRejections (node:internal/process/task_queues:105:5)\n    at async POST (C:\\Users\\GE\\Documents\\P\\Personal\\slv-barley-shop\\.next\\server\\chunks\\[root-of-the-server]__6841552e._.js:1353:34)\n    at async AppRouteRouteModule.do (C:\\Users\\GE\\Documents\\P\\Personal\\slv-barley-shop\\node_modules\\next\\dist\\compiled\\next-server\\app-route-turbo.runtime.dev.js:5:38782)\n    at async AppRouteRouteModule.handle (C:\\Users\\GE\\Documents\\P\\Personal\\slv-barley-shop\\node_modules\\next\\dist\\compiled\\next-server\\app-route-turbo.runtime.dev.js:5:45984)\n    at async responseGenerator (C:\\Users\\GE\\Documents\\P\\Personal\\slv-barley-shop\\.next\\server\\chunks\\node_modules_next_7d44a83d._.js:12864:38)\n    at async AppRouteRouteModule.handleResponse (C:\\Users\\GE\\Documents\\P\\Personal\\slv-barley-shop\\node_modules\\next\\dist\\compiled\\next-server\\app-route-turbo.runtime.dev.js:1:183770)\n    at async handleResponse (C:\\Users\\GE\\Documents\\P\\Personal\\slv-barley-shop\\.next\\server\\chunks\\node_modules_next_7d44a83d._.js:12926:32)\n    at async handler (C:\\Users\\GE\\Documents\\P\\Personal\\slv-barley-shop\\.next\\server\\chunks\\node_modules_next_7d44a83d._.js:12978:13)\n    at async doRender (C:\\Users\\GE\\Documents\\P\\Personal\\slv-barley-shop\\node_modules\\next\\dist\\server\\base-server.js:1587:34)\n    at async DevServer.renderToResponseWithComponentsImpl (C:\\Users\\GE\\Documents\\P\\Personal\\slv-barley-shop\\node_modules\\next\\dist\\server\\base-server.js:1929:13)\n    at async DevServer.renderPageComponent (C:\\Users\\GE\\Documents\\P\\Personal\\slv-barley-shop\\node_modules\\next\\dist\\server\\base-server.js:2395:24)\n    at async DevServer.renderToResponseImpl (C:\\Users\\GE\\Documents\\P\\Personal\\slv-barley-shop\\node_modules\\next\\dist\\server\\base-server.js:2435:32)\n    at async DevServer.pipeImpl (C:\\Users\\GE\\Documents\\P\\Personal\\slv-barley-shop\\node_modules\\next\\dist\\server\\base-server.js:1035:25)\n    at async NextNodeServer.handleCatchallRenderRequest (C:\\Users\\GE\\Documents\\P\\Personal\\slv-barley-shop\\node_modules\\next\\dist\\server\\next-server.js:393:17)\n    at async DevServer.handleRequestImpl (C:\\Users\\GE\\Documents\\P\\Personal\\slv-barley-shop\\node_modules\\next\\dist\\server\\base-server.js:925:17)\n    at async C:\\Users\\GE\\Documents\\P\\Personal\\slv-barley-shop\\node_modules\\next\\dist\\server\\dev\\next-dev-server.js:398:20\n    at async Span.traceAsyncFn (C:\\Users\\GE\\Documents\\P\\Personal\\slv-barley-shop\\node_modules\\next\\dist\\trace\\trace.js:157:20)\n    at async DevServer.handleRequest (C:\\Users\\GE\\Documents\\P\\Personal\\slv-barley-shop\\node_modules\\next\\dist\\server\\dev\\next-dev-server.js:394:24)\n    at async invokeRender (C:\\Users\\GE\\Documents\\P\\Personal\\slv-barley-shop\\node_modules\\next\\dist\\server\\lib\\router-server.js:239:21)\n    at async handleRequest (C:\\Users\\GE\\Documents\\P\\Personal\\slv-barley-shop\\node_modules\\next\\dist\\server\\lib\\router-server.js:436:24)\n    at async requestHandlerImpl (C:\\Users\\GE\\Documents\\P\\Personal\\slv-barley-shop\\node_modules\\next\\dist\\server\\lib\\router-server.js:464:13)\n    at async Server.requestListener (C:\\Users\\GE\\Documents\\P\\Personal\\slv-barley-shop\\node_modules\\next\\dist\\server\\lib\\start-server.js:218:13)",
  "name": "TypeError",
  "component": "Validation Middleware",
  "url": "http://localhost:3000/api/auth/login",
  "method": "POST"
}
2025-08-07 09:41:35:4135 [error]: Right-hand side of 'instanceof' is not an object {
  "stack": "TypeError: Right-hand side of 'instanceof' is not an object\n    at C:\\Users\\GE\\Documents\\P\\Personal\\slv-barley-shop\\.next\\server\\chunks\\[root-of-the-server]__6841552e._.js:1163:24\n    at process.processTicksAndRejections (node:internal/process/task_queues:105:5)\n    at async POST (C:\\Users\\GE\\Documents\\P\\Personal\\slv-barley-shop\\.next\\server\\chunks\\[root-of-the-server]__6841552e._.js:1353:34)\n    at async AppRouteRouteModule.do (C:\\Users\\GE\\Documents\\P\\Personal\\slv-barley-shop\\node_modules\\next\\dist\\compiled\\next-server\\app-route-turbo.runtime.dev.js:5:38782)\n    at async AppRouteRouteModule.handle (C:\\Users\\GE\\Documents\\P\\Personal\\slv-barley-shop\\node_modules\\next\\dist\\compiled\\next-server\\app-route-turbo.runtime.dev.js:5:45984)\n    at async responseGenerator (C:\\Users\\GE\\Documents\\P\\Personal\\slv-barley-shop\\.next\\server\\chunks\\node_modules_next_7d44a83d._.js:12864:38)\n    at async AppRouteRouteModule.handleResponse (C:\\Users\\GE\\Documents\\P\\Personal\\slv-barley-shop\\node_modules\\next\\dist\\compiled\\next-server\\app-route-turbo.runtime.dev.js:1:183770)\n    at async handleResponse (C:\\Users\\GE\\Documents\\P\\Personal\\slv-barley-shop\\.next\\server\\chunks\\node_modules_next_7d44a83d._.js:12926:32)\n    at async handler (C:\\Users\\GE\\Documents\\P\\Personal\\slv-barley-shop\\.next\\server\\chunks\\node_modules_next_7d44a83d._.js:12978:13)\n    at async doRender (C:\\Users\\GE\\Documents\\P\\Personal\\slv-barley-shop\\node_modules\\next\\dist\\server\\base-server.js:1587:34)\n    at async DevServer.renderToResponseWithComponentsImpl (C:\\Users\\GE\\Documents\\P\\Personal\\slv-barley-shop\\node_modules\\next\\dist\\server\\base-server.js:1929:13)\n    at async DevServer.renderPageComponent (C:\\Users\\GE\\Documents\\P\\Personal\\slv-barley-shop\\node_modules\\next\\dist\\server\\base-server.js:2395:24)\n    at async DevServer.renderToResponseImpl (C:\\Users\\GE\\Documents\\P\\Personal\\slv-barley-shop\\node_modules\\next\\dist\\server\\base-server.js:2435:32)\n    at async DevServer.pipeImpl (C:\\Users\\GE\\Documents\\P\\Personal\\slv-barley-shop\\node_modules\\next\\dist\\server\\base-server.js:1035:25)\n    at async NextNodeServer.handleCatchallRenderRequest (C:\\Users\\GE\\Documents\\P\\Personal\\slv-barley-shop\\node_modules\\next\\dist\\server\\next-server.js:393:17)\n    at async DevServer.handleRequestImpl (C:\\Users\\GE\\Documents\\P\\Personal\\slv-barley-shop\\node_modules\\next\\dist\\server\\base-server.js:925:17)\n    at async C:\\Users\\GE\\Documents\\P\\Personal\\slv-barley-shop\\node_modules\\next\\dist\\server\\dev\\next-dev-server.js:398:20\n    at async Span.traceAsyncFn (C:\\Users\\GE\\Documents\\P\\Personal\\slv-barley-shop\\node_modules\\next\\dist\\trace\\trace.js:157:20)\n    at async DevServer.handleRequest (C:\\Users\\GE\\Documents\\P\\Personal\\slv-barley-shop\\node_modules\\next\\dist\\server\\dev\\next-dev-server.js:394:24)\n    at async invokeRender (C:\\Users\\GE\\Documents\\P\\Personal\\slv-barley-shop\\node_modules\\next\\dist\\server\\lib\\router-server.js:239:21)\n    at async handleRequest (C:\\Users\\GE\\Documents\\P\\Personal\\slv-barley-shop\\node_modules\\next\\dist\\server\\lib\\router-server.js:436:24)\n    at async requestHandlerImpl (C:\\Users\\GE\\Documents\\P\\Personal\\slv-barley-shop\\node_modules\\next\\dist\\server\\lib\\router-server.js:464:13)\n    at async Server.requestListener (C:\\Users\\GE\\Documents\\P\\Personal\\slv-barley-shop\\node_modules\\next\\dist\\server\\lib\\start-server.js:218:13)",
  "name": "TypeError",
  "component": "Validation Middleware",
  "url": "http://localhost:3000/api/auth/login",
  "method": "POST"
}
2025-08-07 09:57:34:5734 [info]: AUDIT: user_login {
  "userId": "689302eb08774cc0d54e2e42",
  "resourceType": "admin",
  "resourceId": "689302eb08774cc0d54e2e42",
  "email": "avelpanaligan@gmail.com",
  "ip": "::1"
}
2025-08-07 10:14:12:1412 [warn]: SECURITY: Failed login attempt {
  "severity": "medium",
  "email": "avelpanaligan@Gmail.com",
  "reason": "Invalid password",
  "ip": "::1"
}
2025-08-07 10:14:17:1417 [info]: AUDIT: user_login {
  "userId": "689302eb08774cc0d54e2e42",
  "resourceType": "admin",
  "resourceId": "689302eb08774cc0d54e2e42",
  "email": "avelpanaligan@gmail.com",
  "ip": "::1"
}
2025-08-07 10:48:41:4841 [warn]: SECURITY: Failed login attempt {
  "severity": "medium",
  "email": "avelpanaligan@Gmail.com",
  "reason": "Invalid password",
  "ip": "::1"
}
2025-08-07 10:48:48:4848 [info]: AUDIT: user_login {
  "userId": "689302eb08774cc0d54e2e42",
  "resourceType": "admin",
  "resourceId": "689302eb08774cc0d54e2e42",
  "email": "avelpanaligan@gmail.com",
  "ip": "::1"
}
2025-08-07 11:07:15:715 [info]: AUDIT: user_login {
  "userId": "689302eb08774cc0d54e2e42",
  "resourceType": "admin",
  "resourceId": "689302eb08774cc0d54e2e42",
  "email": "avelpanaligan@gmail.com",
  "ip": "::1"
}
2025-08-07 11:45:53:4553 [warn]: SECURITY: Failed login attempt {
  "severity": "medium",
  "email": "avelpanaligan@Gmail.com",
  "reason": "Invalid password",
  "ip": "::1"
}
2025-08-07 11:45:59:4559 [info]: AUDIT: user_login {
  "userId": "689302eb08774cc0d54e2e42",
  "resourceType": "admin",
  "resourceId": "689302eb08774cc0d54e2e42",
  "email": "avelpanaligan@gmail.com",
  "ip": "::1"
}
2025-08-07 13:16:37:1637 [info]: AUDIT: user_login {
  "userId": "689302eb08774cc0d54e2e42",
  "resourceType": "admin",
  "resourceId": "689302eb08774cc0d54e2e42",
  "email": "avelpanaligan@gmail.com",
  "ip": "::1"
}
